[debug] [2023-10-20T14:03:58.470Z] ----------------------------------------------------------------------
[debug] [2023-10-20T14:03:58.473Z] Command:       /usr/bin/node /usr/bin/firebase emulators:start
[debug] [2023-10-20T14:03:58.473Z] CLI Version:   12.7.0
[debug] [2023-10-20T14:03:58.474Z] Platform:      linux
[debug] [2023-10-20T14:03:58.474Z] Node Version:  v18.17.1
[debug] [2023-10-20T14:03:58.475Z] Time:          Fri Oct 20 2023 16:03:58 GMT+0200 (South Africa Standard Time)
[debug] [2023-10-20T14:03:58.475Z] ----------------------------------------------------------------------
[debug] 
[debug] [2023-10-20T14:03:58.687Z] > command requires scopes: ["email","openid","https://www.googleapis.com/auth/cloudplatformprojects.readonly","https://www.googleapis.com/auth/firebase","https://www.googleapis.com/auth/cloud-platform"]
[debug] [2023-10-20T14:03:58.688Z] > authorizing via signed-in user (milesvika21@gmail.com)
[info] i  emulators: Starting emulators: functions, hosting {"metadata":{"emulator":{"name":"hub"},"message":"Starting emulators: functions, hosting"}}
[debug] [2023-10-20T14:03:58.696Z] [logging] Logging Emulator only supports listening on one address (127.0.0.1). Not listening on ::1
[debug] [2023-10-20T14:03:58.696Z] [hosting] Hosting Emulator only supports listening on one address (127.0.0.1). Not listening on ::1
[debug] [2023-10-20T14:03:58.696Z] assigned listening specs for emulators {"user":{"hub":[{"address":"127.0.0.1","family":"IPv4","port":4400},{"address":"::1","family":"IPv6","port":4400}],"ui":[{"address":"127.0.0.1","family":"IPv4","port":4000},{"address":"::1","family":"IPv6","port":4000}],"logging":[{"address":"127.0.0.1","family":"IPv4","port":4500}],"hosting":[{"address":"127.0.0.1","family":"IPv4","port":5000}]},"metadata":{"message":"assigned listening specs for emulators"}}
[debug] [2023-10-20T14:03:58.730Z] [hub] writing locator at /tmp/hub-shop-kings.json
[debug] [2023-10-20T14:03:58.748Z] [functions] Functions Emulator only supports listening on one address (127.0.0.1). Not listening on ::1
[debug] [2023-10-20T14:03:58.748Z] [eventarc] Eventarc Emulator only supports listening on one address (127.0.0.1). Not listening on ::1
[debug] [2023-10-20T14:03:58.748Z] late-assigned ports for functions and eventarc emulators {"user":{"hub":[{"address":"127.0.0.1","family":"IPv4","port":4400},{"address":"::1","family":"IPv6","port":4400}],"ui":[{"address":"127.0.0.1","family":"IPv4","port":4000},{"address":"::1","family":"IPv6","port":4000}],"logging":[{"address":"127.0.0.1","family":"IPv4","port":4500}],"hosting":[{"address":"127.0.0.1","family":"IPv4","port":5000}],"functions":[{"address":"127.0.0.1","family":"IPv4","port":5001}],"eventarc":[{"address":"127.0.0.1","family":"IPv4","port":9299}]},"metadata":{"message":"late-assigned ports for functions and eventarc emulators"}}
[warn] ⚠  functions: The following emulators are not running, calls to these services from the Functions emulator will affect production: auth, firestore, database, pubsub, storage {"metadata":{"emulator":{"name":"functions"},"message":"The following emulators are not running, calls to these services from the Functions emulator will affect production: \u001b[1mauth, firestore, database, pubsub, storage\u001b[22m"}}
[debug] [2023-10-20T14:03:58.786Z] defaultcredentials: writing to file /home/thuso/.config/firebase/milesvika21_gmail_com_application_default_credentials.json
[debug] [2023-10-20T14:03:58.844Z] Setting GAC to /home/thuso/.config/firebase/milesvika21_gmail_com_application_default_credentials.json {"metadata":{"emulator":{"name":"functions"},"message":"Setting GAC to /home/thuso/.config/firebase/milesvika21_gmail_com_application_default_credentials.json"}}
[debug] [2023-10-20T14:03:58.845Z] > refreshing access token with scopes: []
[debug] [2023-10-20T14:03:58.847Z] >>> [apiv2][query] POST https://www.googleapis.com/oauth2/v3/token [none]
[debug] [2023-10-20T14:03:58.847Z] >>> [apiv2][body] POST https://www.googleapis.com/oauth2/v3/token [omitted]
[debug] [2023-10-20T14:03:59.335Z] <<< [apiv2][status] POST https://www.googleapis.com/oauth2/v3/token 200
[debug] [2023-10-20T14:03:59.335Z] <<< [apiv2][body] POST https://www.googleapis.com/oauth2/v3/token [omitted]
[debug] [2023-10-20T14:03:59.498Z] >>> [apiv2][query] GET https://firebase.googleapis.com/v1beta1/projects/shop-kings/adminSdkConfig [none]
[debug] [2023-10-20T14:04:00.334Z] <<< [apiv2][status] GET https://firebase.googleapis.com/v1beta1/projects/shop-kings/adminSdkConfig 200
[debug] [2023-10-20T14:04:00.334Z] <<< [apiv2][body] GET https://firebase.googleapis.com/v1beta1/projects/shop-kings/adminSdkConfig {"projectId":"shop-kings","storageBucket":"shop-kings.appspot.com"}
[debug] [2023-10-20T14:04:00.440Z] >>> [apiv2][query] GET https://firebasehosting.googleapis.com/v1beta1/projects/shop-kings/sites 
[debug] [2023-10-20T14:04:02.866Z] <<< [apiv2][status] GET https://firebasehosting.googleapis.com/v1beta1/projects/shop-kings/sites 200
[debug] [2023-10-20T14:04:02.866Z] <<< [apiv2][body] GET https://firebasehosting.googleapis.com/v1beta1/projects/shop-kings/sites {"sites":[{"name":"projects/shop-kings/sites/shop-kings","defaultUrl":"https://shop-kings.web.app","appId":"1:491549116989:web:2f1513a2ae2ff701f8f854","type":"DEFAULT_SITE"}]}
[debug] [2023-10-20T14:04:02.867Z] >>> [apiv2][query] GET https://firebase.googleapis.com/v1beta1/projects/shop-kings/webApps/1:491549116989:web:2f1513a2ae2ff701f8f854/config [none]
[debug] [2023-10-20T14:04:03.927Z] <<< [apiv2][status] GET https://firebase.googleapis.com/v1beta1/projects/shop-kings/webApps/1:491549116989:web:2f1513a2ae2ff701f8f854/config 200
[debug] [2023-10-20T14:04:03.927Z] <<< [apiv2][body] GET https://firebase.googleapis.com/v1beta1/projects/shop-kings/webApps/1:491549116989:web:2f1513a2ae2ff701f8f854/config {"projectId":"shop-kings","appId":"1:491549116989:web:2f1513a2ae2ff701f8f854","storageBucket":"shop-kings.appspot.com","apiKey":"AIzaSyDQBzBzkH6jnD5IGfjLUK9bbFJXXAliVWI","authDomain":"shop-kings.firebaseapp.com","messagingSenderId":"491549116989","measurementId":"G-3KGW9YJN3C"}
[debug] [2023-10-20T14:04:04.138Z] >>> [apiv2][query] GET https://firebase.googleapis.com/v1beta1/projects/shop-kings [none]
[debug] [2023-10-20T14:04:04.719Z] <<< [apiv2][status] GET https://firebase.googleapis.com/v1beta1/projects/shop-kings 200
[debug] [2023-10-20T14:04:04.720Z] <<< [apiv2][body] GET https://firebase.googleapis.com/v1beta1/projects/shop-kings {"projectId":"shop-kings","projectNumber":"491549116989","displayName":"shop-kings","name":"projects/shop-kings","resources":{"hostingSite":"shop-kings"},"state":"ACTIVE","etag":"1_6d5b9826-ce1d-45f7-835e-1b8e71c43845"}
[info] i  hosting[shop-kings]: Serving hosting files from: build {"metadata":{"emulator":{"name":"hosting"},"message":"Serving hosting files from: \u001b[1mbuild\u001b[22m"}}
[info] ✔  hosting[shop-kings]: Local server: http://127.0.0.1:5000 {"metadata":{"emulator":{"name":"hosting"},"message":"Local server: \u001b[4m\u001b[1mhttp://127.0.0.1:5000\u001b[22m\u001b[24m"}}
[debug] [2023-10-20T14:04:05.397Z] Ignoring unsupported arg: auto_download {"metadata":{"emulator":{"name":"ui"},"message":"Ignoring unsupported arg: auto_download"}}
[debug] [2023-10-20T14:04:05.397Z] Ignoring unsupported arg: port {"metadata":{"emulator":{"name":"ui"},"message":"Ignoring unsupported arg: port"}}
[debug] [2023-10-20T14:04:05.397Z] Starting Emulator UI with command {"binary":"node","args":["/home/thuso/.cache/firebase/emulators/ui-v1.11.7/server/server.js"],"optionalArgs":[],"joinArgs":false} {"metadata":{"emulator":{"name":"ui"},"message":"Starting Emulator UI with command {\"binary\":\"node\",\"args\":[\"/home/thuso/.cache/firebase/emulators/ui-v1.11.7/server/server.js\"],\"optionalArgs\":[],\"joinArgs\":false}"}}
[info] i  ui: Emulator UI logging to ui-debug.log {"metadata":{"emulator":{"name":"ui"},"message":"Emulator UI logging to \u001b[1mui-debug.log\u001b[22m"}}
[debug] [2023-10-20T14:04:05.744Z] Web / API server started at 127.0.0.1:4000
 {"metadata":{"emulator":{"name":"ui"},"message":"Web / API server started at 127.0.0.1:4000\n"}}
[debug] [2023-10-20T14:04:05.744Z] Web / API server started at ::1:4000
 {"metadata":{"emulator":{"name":"ui"},"message":"Web / API server started at ::1:4000\n"}}
[info] i  functions: Watching "/home/thuso/Documents/Crip/web_development/shop-kings/functions" for Cloud Functions... {"metadata":{"emulator":{"name":"functions"},"message":"Watching \"/home/thuso/Documents/Crip/web_development/shop-kings/functions\" for Cloud Functions..."}}
[debug] [2023-10-20T14:04:05.957Z] Validating nodejs source
[debug] [2023-10-20T14:04:08.860Z] > [functions] package.json contents: {
  "name": "functions",
  "description": "Cloud Functions for Firebase",
  "scripts": {
    "lint": "eslint .",
    "serve": "firebase emulators:start --only functions",
    "shell": "firebase functions:shell",
    "start": "npm run shell",
    "deploy": "firebase deploy --only functions",
    "logs": "firebase functions:log"
  },
  "engines": {
    "node": "18"
  },
  "main": "index.js",
  "dependencies": {
    "cors": "^2.8.5",
    "express": "^4.18.2",
    "firebase-admin": "^11.8.0",
    "firebase-functions": "^4.3.1",
    "stripe": "^14.1.0"
  },
  "devDependencies": {
    "eslint": "^8.15.0",
    "eslint-config-google": "^0.14.0",
    "firebase-functions-test": "^3.1.0"
  },
  "private": true
}
[debug] [2023-10-20T14:04:08.861Z] Building nodejs source
[debug] [2023-10-20T14:04:08.861Z] Failed to find version of module node: reached end of search path /home/thuso/Documents/Crip/web_development/shop-kings/functions/node_modules
[info] ✔  functions: Using node@18 from host. 
[debug] [2023-10-20T14:04:08.864Z] Could not find functions.yaml. Must use http discovery
[debug] [2023-10-20T14:04:08.908Z] Found firebase-functions binary at '/home/thuso/Documents/Crip/web_development/shop-kings/functions/node_modules/.bin/firebase-functions'
[info] Serving at port 8497

[info] shutdown requested via /__/quitquitquit

[error] ⬢  functions: Failed to load function definition from source: FirebaseError: User code failed to load. Cannot determine backend specification {"metadata":{"emulator":{"name":"functions"},"message":"Failed to load function definition from source: FirebaseError: User code failed to load. Cannot determine backend specification"}}
[info] 
┌─────────────────────────────────────────────────────────────┐
│ ✔  All emulators ready! It is now safe to connect your app. │
│ i  View Emulator UI at http://127.0.0.1:4000/               │
└─────────────────────────────────────────────────────────────┘

┌───────────┬────────────────┬─────────────────────────────────┐
│ Emulator  │ Host:Port      │ View in Emulator UI             │
├───────────┼────────────────┼─────────────────────────────────┤
│ Functions │ 127.0.0.1:5001 │ http://127.0.0.1:4000/functions │
├───────────┼────────────────┼─────────────────────────────────┤
│ Hosting   │ 127.0.0.1:5000 │ n/a                             │
└───────────┴────────────────┴─────────────────────────────────┘
  Emulator Hub running at 127.0.0.1:4400
  Other reserved ports: 4500

Issues? Report them at https://github.com/firebase/firebase-tools/issues and attach the *-debug.log files.
 
[debug] [2023-10-20T14:05:09.653Z] File /home/thuso/Documents/Crip/web_development/shop-kings/functions/index.js changed, reloading triggers {"metadata":{"emulator":{"name":"functions"},"message":"File /home/thuso/Documents/Crip/web_development/shop-kings/functions/index.js changed, reloading triggers"}}
[debug] [2023-10-20T14:05:10.654Z] Validating nodejs source
[debug] [2023-10-20T14:05:11.953Z] > [functions] package.json contents: {
  "name": "functions",
  "description": "Cloud Functions for Firebase",
  "scripts": {
    "lint": "eslint .",
    "serve": "firebase emulators:start --only functions",
    "shell": "firebase functions:shell",
    "start": "npm run shell",
    "deploy": "firebase deploy --only functions",
    "logs": "firebase functions:log"
  },
  "engines": {
    "node": "18"
  },
  "main": "index.js",
  "dependencies": {
    "cors": "^2.8.5",
    "express": "^4.18.2",
    "firebase-admin": "^11.8.0",
    "firebase-functions": "^4.3.1",
    "stripe": "^14.1.0"
  },
  "devDependencies": {
    "eslint": "^8.15.0",
    "eslint-config-google": "^0.14.0",
    "firebase-functions-test": "^3.1.0"
  },
  "private": true
}
[debug] [2023-10-20T14:05:11.955Z] Building nodejs source
[debug] [2023-10-20T14:05:11.955Z] Failed to find version of module node: reached end of search path /home/thuso/Documents/Crip/web_development/shop-kings/functions/node_modules
[info] ✔  functions: Using node@18 from host. 
[debug] [2023-10-20T14:05:11.958Z] Could not find functions.yaml. Must use http discovery
[debug] [2023-10-20T14:05:11.961Z] Found firebase-functions binary at '/home/thuso/Documents/Crip/web_development/shop-kings/functions/node_modules/.bin/firebase-functions'
[info] Serving at port 8588

[debug] [2023-10-20T14:05:13.155Z] Got response from /__/functions.yaml {"endpoints":{"api":{"platform":"gcfv1","availableMemoryMb":null,"timeoutSeconds":null,"minInstances":null,"maxInstances":null,"ingressSettings":null,"serviceAccountEmail":null,"vpc":null,"httpsTrigger":{},"entryPoint":"api"}},"specVersion":"v1alpha1","requiredAPIs":[]}
[info] shutdown requested via /__/quitquitquit

[info] ✔  functions: Loaded functions definitions from source: api. {"metadata":{"emulator":{"name":"functions"},"message":"Loaded functions definitions from source: api."}}
[info] ✔  functions[us-central1-api]: http function initialized (http://127.0.0.1:5001/shop-kings/us-central1/api). {"metadata":{"emulator":{"name":"functions"},"message":"\u001b[1mhttp\u001b[22m function initialized (http://127.0.0.1:5001/shop-kings/us-central1/api)."}}
[debug] [2023-10-20T14:06:40.874Z] File /home/thuso/Documents/Crip/web_development/shop-kings/functions/index.js changed, reloading triggers {"metadata":{"emulator":{"name":"functions"},"message":"File /home/thuso/Documents/Crip/web_development/shop-kings/functions/index.js changed, reloading triggers"}}
[debug] [2023-10-20T14:06:41.878Z] Validating nodejs source
[debug] [2023-10-20T14:06:43.069Z] > [functions] package.json contents: {
  "name": "functions",
  "description": "Cloud Functions for Firebase",
  "scripts": {
    "lint": "eslint .",
    "serve": "firebase emulators:start --only functions",
    "shell": "firebase functions:shell",
    "start": "npm run shell",
    "deploy": "firebase deploy --only functions",
    "logs": "firebase functions:log"
  },
  "engines": {
    "node": "18"
  },
  "main": "index.js",
  "dependencies": {
    "cors": "^2.8.5",
    "express": "^4.18.2",
    "firebase-admin": "^11.8.0",
    "firebase-functions": "^4.3.1",
    "stripe": "^14.1.0"
  },
  "devDependencies": {
    "eslint": "^8.15.0",
    "eslint-config-google": "^0.14.0",
    "firebase-functions-test": "^3.1.0"
  },
  "private": true
}
[debug] [2023-10-20T14:06:43.070Z] Building nodejs source
[debug] [2023-10-20T14:06:43.070Z] Failed to find version of module node: reached end of search path /home/thuso/Documents/Crip/web_development/shop-kings/functions/node_modules
[info] ✔  functions: Using node@18 from host. 
[debug] [2023-10-20T14:06:43.072Z] Could not find functions.yaml. Must use http discovery
[debug] [2023-10-20T14:06:43.074Z] Found firebase-functions binary at '/home/thuso/Documents/Crip/web_development/shop-kings/functions/node_modules/.bin/firebase-functions'
[info] Serving at port 8867

[debug] [2023-10-20T14:06:43.903Z] Got response from /__/functions.yaml {"endpoints":{"api":{"platform":"gcfv1","availableMemoryMb":null,"timeoutSeconds":null,"minInstances":null,"maxInstances":null,"ingressSettings":null,"serviceAccountEmail":null,"vpc":null,"httpsTrigger":{},"entryPoint":"api"}},"specVersion":"v1alpha1","requiredAPIs":[]}
[info] shutdown requested via /__/quitquitquit

[info] ✔  functions: Loaded functions definitions from source: api. {"metadata":{"emulator":{"name":"functions"},"message":"Loaded functions definitions from source: api."}}
[debug] [2023-10-20T14:08:24.552Z] [work-queue] {"queuedWork":["/shop-kings/us-central1/api-2023-10-20T14:08:24.551Z"],"queueLength":1,"runningWork":[],"workRunningCount":0}
[debug] [2023-10-20T14:08:24.555Z] [work-queue] {"queuedWork":[],"queueLength":0,"runningWork":["/shop-kings/us-central1/api-2023-10-20T14:08:24.551Z"],"workRunningCount":1}
[debug] [2023-10-20T14:08:24.559Z] Accepted request GET /shop-kings/us-central1/api --> us-central1-api
[debug] [2023-10-20T14:08:24.592Z] [functions] Runtime ready! Sending request! {"metadata":{"emulator":{"name":"functions"},"message":"[functions] Runtime ready! Sending request!"}}
[debug] [2023-10-20T14:08:24.597Z] [functions] Got req.url=/shop-kings/us-central1/api, mapping to path=/ {"metadata":{"emulator":{"name":"functions"},"message":"[functions] Got req.url=/shop-kings/us-central1/api, mapping to path=/"}}
[debug] [2023-10-20T14:08:24.642Z] [worker-pool] addWorker(us-central1-api) {"metadata":{"emulator":{"name":"functions"},"message":"[worker-pool] addWorker(us-central1-api)"}}
[debug] [2023-10-20T14:08:24.702Z] [worker-pool] Adding worker with key us-central1-api, total=1 {"metadata":{"emulator":{"name":"functions"},"message":"[worker-pool] Adding worker with key us-central1-api, total=1"}}
[debug] [2023-10-20T14:08:26.092Z] [runtime-status] [16818] Resolved module firebase-admin {"declared":true,"installed":true,"version":"11.11.0","resolution":"/home/thuso/Documents/Crip/web_development/shop-kings/functions/node_modules/firebase-admin/lib/index.js"} {"metadata":{"emulator":{"name":"functions"},"function":{"name":"us-central1-api"},"extension":{},"message":"[runtime-status] [16818] Resolved module firebase-admin {\"declared\":true,\"installed\":true,\"version\":\"11.11.0\",\"resolution\":\"/home/thuso/Documents/Crip/web_development/shop-kings/functions/node_modules/firebase-admin/lib/index.js\"}"}}
[debug] [2023-10-20T14:08:26.096Z] [runtime-status] [16818] Resolved module firebase-functions {"declared":true,"installed":true,"version":"4.4.1","resolution":"/home/thuso/Documents/Crip/web_development/shop-kings/functions/node_modules/firebase-functions/lib/v1/index.js"} {"metadata":{"emulator":{"name":"functions"},"function":{"name":"us-central1-api"},"extension":{},"message":"[runtime-status] [16818] Resolved module firebase-functions {\"declared\":true,\"installed\":true,\"version\":\"4.4.1\",\"resolution\":\"/home/thuso/Documents/Crip/web_development/shop-kings/functions/node_modules/firebase-functions/lib/v1/index.js\"}"}}
[debug] [2023-10-20T14:08:26.097Z] [runtime-status] [16818] Outgoing network have been stubbed. [{"name":"http","status":"mocked"},{"name":"http","status":"mocked"},{"name":"https","status":"mocked"},{"name":"https","status":"mocked"},{"name":"net","status":"mocked"}] {"metadata":{"emulator":{"name":"functions"},"function":{"name":"us-central1-api"},"extension":{},"message":"[runtime-status] [16818] Outgoing network have been stubbed. [{\"name\":\"http\",\"status\":\"mocked\"},{\"name\":\"http\",\"status\":\"mocked\"},{\"name\":\"https\",\"status\":\"mocked\"},{\"name\":\"https\",\"status\":\"mocked\"},{\"name\":\"net\",\"status\":\"mocked\"}]"}}
[debug] [2023-10-20T14:08:26.103Z] [runtime-status] [16818] Resolved module firebase-functions {"declared":true,"installed":true,"version":"4.4.1","resolution":"/home/thuso/Documents/Crip/web_development/shop-kings/functions/node_modules/firebase-functions/lib/v1/index.js"} {"metadata":{"emulator":{"name":"functions"},"function":{"name":"us-central1-api"},"extension":{},"message":"[runtime-status] [16818] Resolved module firebase-functions {\"declared\":true,\"installed\":true,\"version\":\"4.4.1\",\"resolution\":\"/home/thuso/Documents/Crip/web_development/shop-kings/functions/node_modules/firebase-functions/lib/v1/index.js\"}"}}
[debug] [2023-10-20T14:08:26.308Z] [runtime-status] [16818] Checked functions.config() {"config":{}} {"metadata":{"emulator":{"name":"functions"},"function":{"name":"us-central1-api"},"extension":{},"message":"[runtime-status] [16818] Checked functions.config() {\"config\":{}}"}}
[debug] [2023-10-20T14:08:26.308Z] [runtime-status] [16818] firebase-functions has been stubbed. {"functionsResolution":{"declared":true,"installed":true,"version":"4.4.1","resolution":"/home/thuso/Documents/Crip/web_development/shop-kings/functions/node_modules/firebase-functions/lib/v1/index.js"}} {"metadata":{"emulator":{"name":"functions"},"function":{"name":"us-central1-api"},"extension":{},"message":"[runtime-status] [16818] firebase-functions has been stubbed. {\"functionsResolution\":{\"declared\":true,\"installed\":true,\"version\":\"4.4.1\",\"resolution\":\"/home/thuso/Documents/Crip/web_development/shop-kings/functions/node_modules/firebase-functions/lib/v1/index.js\"}}"}}
[debug] [2023-10-20T14:08:26.310Z] [runtime-status] [16818] Resolved module firebase-functions {"declared":true,"installed":true,"version":"4.4.1","resolution":"/home/thuso/Documents/Crip/web_development/shop-kings/functions/node_modules/firebase-functions/lib/v1/index.js"} {"metadata":{"emulator":{"name":"functions"},"function":{"name":"us-central1-api"},"extension":{},"message":"[runtime-status] [16818] Resolved module firebase-functions {\"declared\":true,\"installed\":true,\"version\":\"4.4.1\",\"resolution\":\"/home/thuso/Documents/Crip/web_development/shop-kings/functions/node_modules/firebase-functions/lib/v1/index.js\"}"}}
[debug] [2023-10-20T14:08:26.312Z] [runtime-status] [16818] Resolved module firebase-admin {"declared":true,"installed":true,"version":"11.11.0","resolution":"/home/thuso/Documents/Crip/web_development/shop-kings/functions/node_modules/firebase-admin/lib/index.js"} {"metadata":{"emulator":{"name":"functions"},"function":{"name":"us-central1-api"},"extension":{},"message":"[runtime-status] [16818] Resolved module firebase-admin {\"declared\":true,\"installed\":true,\"version\":\"11.11.0\",\"resolution\":\"/home/thuso/Documents/Crip/web_development/shop-kings/functions/node_modules/firebase-admin/lib/index.js\"}"}}
[debug] [2023-10-20T14:08:26.408Z] [runtime-status] [16818] Resolved module firebase-functions {"declared":true,"installed":true,"version":"4.4.1","resolution":"/home/thuso/Documents/Crip/web_development/shop-kings/functions/node_modules/firebase-functions/lib/v1/index.js"} {"metadata":{"emulator":{"name":"functions"},"function":{"name":"us-central1-api"},"extension":{},"message":"[runtime-status] [16818] Resolved module firebase-functions {\"declared\":true,\"installed\":true,\"version\":\"4.4.1\",\"resolution\":\"/home/thuso/Documents/Crip/web_development/shop-kings/functions/node_modules/firebase-functions/lib/v1/index.js\"}"}}
[debug] [2023-10-20T14:08:26.410Z] [runtime-status] [16818] firebase-admin has been stubbed. {"adminResolution":{"declared":true,"installed":true,"version":"11.11.0","resolution":"/home/thuso/Documents/Crip/web_development/shop-kings/functions/node_modules/firebase-admin/lib/index.js"}} {"metadata":{"emulator":{"name":"functions"},"function":{"name":"us-central1-api"},"extension":{},"message":"[runtime-status] [16818] firebase-admin has been stubbed. {\"adminResolution\":{\"declared\":true,\"installed\":true,\"version\":\"11.11.0\",\"resolution\":\"/home/thuso/Documents/Crip/web_development/shop-kings/functions/node_modules/firebase-admin/lib/index.js\"}}"}}
[debug] [2023-10-20T14:08:26.588Z] [runtime-status] [16818] Functions runtime initialized. {"cwd":"/home/thuso/Documents/Crip/web_development/shop-kings/functions","node_version":"18.17.1"} {"metadata":{"emulator":{"name":"functions"},"function":{"name":"us-central1-api"},"extension":{},"message":"[runtime-status] [16818] Functions runtime initialized. {\"cwd\":\"/home/thuso/Documents/Crip/web_development/shop-kings/functions\",\"node_version\":\"18.17.1\"}"}}
[debug] [2023-10-20T14:08:26.589Z] [runtime-status] [16818] Listening to port: /tmp/fire_emu_9018e340fc898b94.sock {"metadata":{"emulator":{"name":"functions"},"function":{"name":"us-central1-api"},"extension":{},"message":"[runtime-status] [16818] Listening to port: /tmp/fire_emu_9018e340fc898b94.sock"}}
[debug] [2023-10-20T14:08:26.641Z] [worker-us-central1-api-4631825e-5d87-4199-b8ad-618f6710e0f5]: IDLE {"metadata":{"emulator":{"name":"functions"},"function":{"name":"us-central1-api"},"extension":{},"message":"[worker-us-central1-api-4631825e-5d87-4199-b8ad-618f6710e0f5]: IDLE"}}
[debug] [2023-10-20T14:08:26.642Z] [worker-pool] submitRequest(triggerId=us-central1-api) {"metadata":{"emulator":{"name":"functions"},"message":"[worker-pool] submitRequest(triggerId=us-central1-api)"}}
[info] i  functions: Beginning execution of "us-central1-api" {"metadata":{"emulator":{"name":"functions"},"function":{"name":"us-central1-api"},"extension":{},"message":"Beginning execution of \"us-central1-api\""}}
[debug] [2023-10-20T14:08:26.643Z] [worker-us-central1-api-4631825e-5d87-4199-b8ad-618f6710e0f5]: BUSY {"metadata":{"emulator":{"name":"functions"},"function":{"name":"us-central1-api"},"extension":{},"message":"[worker-us-central1-api-4631825e-5d87-4199-b8ad-618f6710e0f5]: BUSY"}}
[debug] [2023-10-20T14:08:26.653Z] Finishing up request with event=pause {"metadata":{"emulator":{"name":"functions"},"function":{"name":"us-central1-api"},"extension":{},"message":"Finishing up request with event=pause"}}
[info] i  functions: Finished "us-central1-api" in 11.406267ms {"metadata":{"emulator":{"name":"functions"},"function":{"name":"us-central1-api"},"extension":{},"message":"Finished \"us-central1-api\" in 11.406267ms"}}
[debug] [2023-10-20T14:08:26.654Z] [worker-us-central1-api-4631825e-5d87-4199-b8ad-618f6710e0f5]: IDLE {"metadata":{"emulator":{"name":"functions"},"function":{"name":"us-central1-api"},"extension":{},"message":"[worker-us-central1-api-4631825e-5d87-4199-b8ad-618f6710e0f5]: IDLE"}}
[debug] [2023-10-20T14:08:26.655Z] Finishing up request with event=finish {"metadata":{"emulator":{"name":"functions"},"function":{"name":"us-central1-api"},"extension":{},"message":"Finishing up request with event=finish"}}
[debug] [2023-10-20T14:08:26.655Z] Finishing up request with event=close {"metadata":{"emulator":{"name":"functions"},"function":{"name":"us-central1-api"},"extension":{},"message":"Finishing up request with event=close"}}
[debug] [2023-10-20T14:08:26.655Z] [work-queue] {"queuedWork":[],"queueLength":0,"runningWork":[],"workRunningCount":0}
[debug] [2023-10-20T14:08:27.339Z] Functions emulator received unknown request at path /favicon.ico
[debug] [2023-10-20T14:21:41.580Z] [work-queue] {"queuedWork":["/shop-kings/us-central1/api/payments/create-2023-10-20T14:21:41.580Z"],"queueLength":1,"runningWork":[],"workRunningCount":0}
[debug] [2023-10-20T14:21:41.580Z] [work-queue] {"queuedWork":[],"queueLength":0,"runningWork":["/shop-kings/us-central1/api/payments/create-2023-10-20T14:21:41.580Z"],"workRunningCount":1}
[debug] [2023-10-20T14:21:41.580Z] Accepted request POST /shop-kings/us-central1/api/payments/create?total=59998 --> us-central1-api
[debug] [2023-10-20T14:21:41.583Z] [functions] Runtime ready! Sending request! {"metadata":{"emulator":{"name":"functions"},"message":"[functions] Runtime ready! Sending request!"}}
[debug] [2023-10-20T14:21:41.584Z] [functions] Got req.url=/shop-kings/us-central1/api/payments/create?total=59998, mapping to path=/payments/create?total=59998 {"metadata":{"emulator":{"name":"functions"},"message":"[functions] Got req.url=/shop-kings/us-central1/api/payments/create?total=59998, mapping to path=/payments/create?total=59998"}}
[debug] [2023-10-20T14:21:41.584Z] [worker-pool] submitRequest(triggerId=us-central1-api) {"metadata":{"emulator":{"name":"functions"},"message":"[worker-pool] submitRequest(triggerId=us-central1-api)"}}
[info] i  functions: Beginning execution of "us-central1-api" {"metadata":{"emulator":{"name":"functions"},"function":{"name":"us-central1-api"},"extension":{},"message":"Beginning execution of \"us-central1-api\""}}
[debug] [2023-10-20T14:21:41.584Z] [worker-us-central1-api-4631825e-5d87-4199-b8ad-618f6710e0f5]: BUSY {"metadata":{"emulator":{"name":"functions"},"function":{"name":"us-central1-api"},"extension":{},"message":"[worker-us-central1-api-4631825e-5d87-4199-b8ad-618f6710e0f5]: BUSY"}}
[info] >  Payment Request Recieved for this amount >>>  59998 {"user":"Payment Request Recieved for this amount >>>  59998","metadata":{"emulator":{"name":"functions"},"function":{"name":"us-central1-api"},"extension":{},"message":"\u001b[90m> \u001b[39m Payment Request Recieved for this amount >>>  59998"}}
[debug] [2023-10-20T14:21:43.453Z] Finishing up request with event=pause {"metadata":{"emulator":{"name":"functions"},"function":{"name":"us-central1-api"},"extension":{},"message":"Finishing up request with event=pause"}}
[info] i  functions: Finished "us-central1-api" in 1869.7659899999999ms {"metadata":{"emulator":{"name":"functions"},"function":{"name":"us-central1-api"},"extension":{},"message":"Finished \"us-central1-api\" in 1869.7659899999999ms"}}
[debug] [2023-10-20T14:21:43.455Z] [worker-us-central1-api-4631825e-5d87-4199-b8ad-618f6710e0f5]: IDLE {"metadata":{"emulator":{"name":"functions"},"function":{"name":"us-central1-api"},"extension":{},"message":"[worker-us-central1-api-4631825e-5d87-4199-b8ad-618f6710e0f5]: IDLE"}}
[debug] [2023-10-20T14:21:43.455Z] Finishing up request with event=finish {"metadata":{"emulator":{"name":"functions"},"function":{"name":"us-central1-api"},"extension":{},"message":"Finishing up request with event=finish"}}
[debug] [2023-10-20T14:21:43.456Z] Finishing up request with event=close {"metadata":{"emulator":{"name":"functions"},"function":{"name":"us-central1-api"},"extension":{},"message":"Finishing up request with event=close"}}
[debug] [2023-10-20T14:21:43.457Z] [work-queue] {"queuedWork":[],"queueLength":0,"runningWork":[],"workRunningCount":0}
[debug] [2023-10-20T14:22:12.221Z] [work-queue] {"queuedWork":["/shop-kings/us-central1/api/payments/create-2023-10-20T14:22:12.221Z"],"queueLength":1,"runningWork":[],"workRunningCount":0}
[debug] [2023-10-20T14:22:12.225Z] [work-queue] {"queuedWork":[],"queueLength":0,"runningWork":["/shop-kings/us-central1/api/payments/create-2023-10-20T14:22:12.221Z"],"workRunningCount":1}
[debug] [2023-10-20T14:22:12.226Z] Accepted request POST /shop-kings/us-central1/api/payments/create?total=72957 --> us-central1-api
[debug] [2023-10-20T14:22:12.245Z] [functions] Runtime ready! Sending request! {"metadata":{"emulator":{"name":"functions"},"message":"[functions] Runtime ready! Sending request!"}}
[debug] [2023-10-20T14:22:12.246Z] [functions] Got req.url=/shop-kings/us-central1/api/payments/create?total=72957, mapping to path=/payments/create?total=72957 {"metadata":{"emulator":{"name":"functions"},"message":"[functions] Got req.url=/shop-kings/us-central1/api/payments/create?total=72957, mapping to path=/payments/create?total=72957"}}
[debug] [2023-10-20T14:22:12.248Z] [worker-pool] submitRequest(triggerId=us-central1-api) {"metadata":{"emulator":{"name":"functions"},"message":"[worker-pool] submitRequest(triggerId=us-central1-api)"}}
[info] i  functions: Beginning execution of "us-central1-api" {"metadata":{"emulator":{"name":"functions"},"function":{"name":"us-central1-api"},"extension":{},"message":"Beginning execution of \"us-central1-api\""}}
[debug] [2023-10-20T14:22:12.250Z] [worker-us-central1-api-4631825e-5d87-4199-b8ad-618f6710e0f5]: BUSY {"metadata":{"emulator":{"name":"functions"},"function":{"name":"us-central1-api"},"extension":{},"message":"[worker-us-central1-api-4631825e-5d87-4199-b8ad-618f6710e0f5]: BUSY"}}
[debug] [2023-10-20T14:22:12.256Z] [work-queue] {"queuedWork":["/shop-kings/us-central1/api/payments/create-2023-10-20T14:22:12.256Z"],"queueLength":1,"runningWork":["/shop-kings/us-central1/api/payments/create-2023-10-20T14:22:12.221Z"],"workRunningCount":1}
[debug] [2023-10-20T14:22:12.258Z] [work-queue] {"queuedWork":[],"queueLength":0,"runningWork":["/shop-kings/us-central1/api/payments/create-2023-10-20T14:22:12.221Z","/shop-kings/us-central1/api/payments/create-2023-10-20T14:22:12.256Z"],"workRunningCount":2}
[debug] [2023-10-20T14:22:12.259Z] Accepted request POST /shop-kings/us-central1/api/payments/create?total=72957 --> us-central1-api
[debug] [2023-10-20T14:22:12.274Z] [functions] Runtime ready! Sending request! {"metadata":{"emulator":{"name":"functions"},"message":"[functions] Runtime ready! Sending request!"}}
[debug] [2023-10-20T14:22:12.275Z] [functions] Got req.url=/shop-kings/us-central1/api/payments/create?total=72957, mapping to path=/payments/create?total=72957 {"metadata":{"emulator":{"name":"functions"},"message":"[functions] Got req.url=/shop-kings/us-central1/api/payments/create?total=72957, mapping to path=/payments/create?total=72957"}}
[debug] [2023-10-20T14:22:12.297Z] [worker-pool] addWorker(us-central1-api) {"metadata":{"emulator":{"name":"functions"},"message":"[worker-pool] addWorker(us-central1-api)"}}
[debug] [2023-10-20T14:22:12.302Z] [worker-pool] Adding worker with key us-central1-api, total=2 {"metadata":{"emulator":{"name":"functions"},"message":"[worker-pool] Adding worker with key us-central1-api, total=2"}}
[info] >  Payment Request Recieved for this amount >>>  72957 {"user":"Payment Request Recieved for this amount >>>  72957","metadata":{"emulator":{"name":"functions"},"function":{"name":"us-central1-api"},"extension":{},"message":"\u001b[90m> \u001b[39m Payment Request Recieved for this amount >>>  72957"}}
[debug] [2023-10-20T14:22:13.207Z] Finishing up request with event=pause {"metadata":{"emulator":{"name":"functions"},"function":{"name":"us-central1-api"},"extension":{},"message":"Finishing up request with event=pause"}}
[info] i  functions: Finished "us-central1-api" in 957.720105ms {"metadata":{"emulator":{"name":"functions"},"function":{"name":"us-central1-api"},"extension":{},"message":"Finished \"us-central1-api\" in 957.720105ms"}}
[debug] [2023-10-20T14:22:13.210Z] [worker-us-central1-api-4631825e-5d87-4199-b8ad-618f6710e0f5]: IDLE {"metadata":{"emulator":{"name":"functions"},"function":{"name":"us-central1-api"},"extension":{},"message":"[worker-us-central1-api-4631825e-5d87-4199-b8ad-618f6710e0f5]: IDLE"}}
[debug] [2023-10-20T14:22:13.210Z] Finishing up request with event=finish {"metadata":{"emulator":{"name":"functions"},"function":{"name":"us-central1-api"},"extension":{},"message":"Finishing up request with event=finish"}}
[debug] [2023-10-20T14:22:13.210Z] Finishing up request with event=close {"metadata":{"emulator":{"name":"functions"},"function":{"name":"us-central1-api"},"extension":{},"message":"Finishing up request with event=close"}}
[debug] [2023-10-20T14:22:13.210Z] [work-queue] {"queuedWork":[],"queueLength":0,"runningWork":["/shop-kings/us-central1/api/payments/create-2023-10-20T14:22:12.256Z"],"workRunningCount":1}
[debug] [2023-10-20T14:22:13.451Z] [runtime-status] [17311] Resolved module firebase-admin {"declared":true,"installed":true,"version":"11.11.0","resolution":"/home/thuso/Documents/Crip/web_development/shop-kings/functions/node_modules/firebase-admin/lib/index.js"} {"metadata":{"emulator":{"name":"functions"},"function":{"name":"us-central1-api"},"extension":{},"message":"[runtime-status] [17311] Resolved module firebase-admin {\"declared\":true,\"installed\":true,\"version\":\"11.11.0\",\"resolution\":\"/home/thuso/Documents/Crip/web_development/shop-kings/functions/node_modules/firebase-admin/lib/index.js\"}"}}
[debug] [2023-10-20T14:22:13.456Z] [runtime-status] [17311] Resolved module firebase-functions {"declared":true,"installed":true,"version":"4.4.1","resolution":"/home/thuso/Documents/Crip/web_development/shop-kings/functions/node_modules/firebase-functions/lib/v1/index.js"} {"metadata":{"emulator":{"name":"functions"},"function":{"name":"us-central1-api"},"extension":{},"message":"[runtime-status] [17311] Resolved module firebase-functions {\"declared\":true,\"installed\":true,\"version\":\"4.4.1\",\"resolution\":\"/home/thuso/Documents/Crip/web_development/shop-kings/functions/node_modules/firebase-functions/lib/v1/index.js\"}"}}
[debug] [2023-10-20T14:22:13.456Z] [runtime-status] [17311] Outgoing network have been stubbed. [{"name":"http","status":"mocked"},{"name":"http","status":"mocked"},{"name":"https","status":"mocked"},{"name":"https","status":"mocked"},{"name":"net","status":"mocked"}] {"metadata":{"emulator":{"name":"functions"},"function":{"name":"us-central1-api"},"extension":{},"message":"[runtime-status] [17311] Outgoing network have been stubbed. [{\"name\":\"http\",\"status\":\"mocked\"},{\"name\":\"http\",\"status\":\"mocked\"},{\"name\":\"https\",\"status\":\"mocked\"},{\"name\":\"https\",\"status\":\"mocked\"},{\"name\":\"net\",\"status\":\"mocked\"}]"}}
[debug] [2023-10-20T14:22:13.458Z] [runtime-status] [17311] Resolved module firebase-functions {"declared":true,"installed":true,"version":"4.4.1","resolution":"/home/thuso/Documents/Crip/web_development/shop-kings/functions/node_modules/firebase-functions/lib/v1/index.js"} {"metadata":{"emulator":{"name":"functions"},"function":{"name":"us-central1-api"},"extension":{},"message":"[runtime-status] [17311] Resolved module firebase-functions {\"declared\":true,\"installed\":true,\"version\":\"4.4.1\",\"resolution\":\"/home/thuso/Documents/Crip/web_development/shop-kings/functions/node_modules/firebase-functions/lib/v1/index.js\"}"}}
[debug] [2023-10-20T14:22:13.716Z] [runtime-status] [17311] Checked functions.config() {"config":{}} {"metadata":{"emulator":{"name":"functions"},"function":{"name":"us-central1-api"},"extension":{},"message":"[runtime-status] [17311] Checked functions.config() {\"config\":{}}"}}
[debug] [2023-10-20T14:22:13.718Z] [runtime-status] [17311] firebase-functions has been stubbed. {"functionsResolution":{"declared":true,"installed":true,"version":"4.4.1","resolution":"/home/thuso/Documents/Crip/web_development/shop-kings/functions/node_modules/firebase-functions/lib/v1/index.js"}} {"metadata":{"emulator":{"name":"functions"},"function":{"name":"us-central1-api"},"extension":{},"message":"[runtime-status] [17311] firebase-functions has been stubbed. {\"functionsResolution\":{\"declared\":true,\"installed\":true,\"version\":\"4.4.1\",\"resolution\":\"/home/thuso/Documents/Crip/web_development/shop-kings/functions/node_modules/firebase-functions/lib/v1/index.js\"}}"}}
[debug] [2023-10-20T14:22:13.720Z] [runtime-status] [17311] Resolved module firebase-functions {"declared":true,"installed":true,"version":"4.4.1","resolution":"/home/thuso/Documents/Crip/web_development/shop-kings/functions/node_modules/firebase-functions/lib/v1/index.js"} {"metadata":{"emulator":{"name":"functions"},"function":{"name":"us-central1-api"},"extension":{},"message":"[runtime-status] [17311] Resolved module firebase-functions {\"declared\":true,\"installed\":true,\"version\":\"4.4.1\",\"resolution\":\"/home/thuso/Documents/Crip/web_development/shop-kings/functions/node_modules/firebase-functions/lib/v1/index.js\"}"}}
[debug] [2023-10-20T14:22:13.723Z] [runtime-status] [17311] Resolved module firebase-admin {"declared":true,"installed":true,"version":"11.11.0","resolution":"/home/thuso/Documents/Crip/web_development/shop-kings/functions/node_modules/firebase-admin/lib/index.js"} {"metadata":{"emulator":{"name":"functions"},"function":{"name":"us-central1-api"},"extension":{},"message":"[runtime-status] [17311] Resolved module firebase-admin {\"declared\":true,\"installed\":true,\"version\":\"11.11.0\",\"resolution\":\"/home/thuso/Documents/Crip/web_development/shop-kings/functions/node_modules/firebase-admin/lib/index.js\"}"}}
[debug] [2023-10-20T14:22:13.725Z] [runtime-status] [17311] Resolved module firebase-functions {"declared":true,"installed":true,"version":"4.4.1","resolution":"/home/thuso/Documents/Crip/web_development/shop-kings/functions/node_modules/firebase-functions/lib/v1/index.js"} {"metadata":{"emulator":{"name":"functions"},"function":{"name":"us-central1-api"},"extension":{},"message":"[runtime-status] [17311] Resolved module firebase-functions {\"declared\":true,\"installed\":true,\"version\":\"4.4.1\",\"resolution\":\"/home/thuso/Documents/Crip/web_development/shop-kings/functions/node_modules/firebase-functions/lib/v1/index.js\"}"}}
[debug] [2023-10-20T14:22:13.726Z] [runtime-status] [17311] firebase-admin has been stubbed. {"adminResolution":{"declared":true,"installed":true,"version":"11.11.0","resolution":"/home/thuso/Documents/Crip/web_development/shop-kings/functions/node_modules/firebase-admin/lib/index.js"}} {"metadata":{"emulator":{"name":"functions"},"function":{"name":"us-central1-api"},"extension":{},"message":"[runtime-status] [17311] firebase-admin has been stubbed. {\"adminResolution\":{\"declared\":true,\"installed\":true,\"version\":\"11.11.0\",\"resolution\":\"/home/thuso/Documents/Crip/web_development/shop-kings/functions/node_modules/firebase-admin/lib/index.js\"}}"}}
[debug] [2023-10-20T14:22:13.902Z] [runtime-status] [17311] Functions runtime initialized. {"cwd":"/home/thuso/Documents/Crip/web_development/shop-kings/functions","node_version":"18.17.1"} {"metadata":{"emulator":{"name":"functions"},"function":{"name":"us-central1-api"},"extension":{},"message":"[runtime-status] [17311] Functions runtime initialized. {\"cwd\":\"/home/thuso/Documents/Crip/web_development/shop-kings/functions\",\"node_version\":\"18.17.1\"}"}}
[debug] [2023-10-20T14:22:13.906Z] [runtime-status] [17311] Listening to port: /tmp/fire_emu_d5d7015e604ea24d.sock {"metadata":{"emulator":{"name":"functions"},"function":{"name":"us-central1-api"},"extension":{},"message":"[runtime-status] [17311] Listening to port: /tmp/fire_emu_d5d7015e604ea24d.sock"}}
[debug] [2023-10-20T14:22:13.927Z] [worker-us-central1-api-f44968f9-3ed7-4743-b346-08220bc8ff8f]: IDLE {"metadata":{"emulator":{"name":"functions"},"function":{"name":"us-central1-api"},"extension":{},"message":"[worker-us-central1-api-f44968f9-3ed7-4743-b346-08220bc8ff8f]: IDLE"}}
[debug] [2023-10-20T14:22:13.927Z] [worker-pool] submitRequest(triggerId=us-central1-api) {"metadata":{"emulator":{"name":"functions"},"message":"[worker-pool] submitRequest(triggerId=us-central1-api)"}}
[info] i  functions: Beginning execution of "us-central1-api" {"metadata":{"emulator":{"name":"functions"},"function":{"name":"us-central1-api"},"extension":{},"message":"Beginning execution of \"us-central1-api\""}}
[debug] [2023-10-20T14:22:13.928Z] [worker-us-central1-api-4631825e-5d87-4199-b8ad-618f6710e0f5]: BUSY {"metadata":{"emulator":{"name":"functions"},"function":{"name":"us-central1-api"},"extension":{},"message":"[worker-us-central1-api-4631825e-5d87-4199-b8ad-618f6710e0f5]: BUSY"}}
[info] >  Payment Request Recieved for this amount >>>  72957 {"user":"Payment Request Recieved for this amount >>>  72957","metadata":{"emulator":{"name":"functions"},"function":{"name":"us-central1-api"},"extension":{},"message":"\u001b[90m> \u001b[39m Payment Request Recieved for this amount >>>  72957"}}
[debug] [2023-10-20T14:22:14.705Z] Finishing up request with event=pause {"metadata":{"emulator":{"name":"functions"},"function":{"name":"us-central1-api"},"extension":{},"message":"Finishing up request with event=pause"}}
[info] i  functions: Finished "us-central1-api" in 778.412103ms {"metadata":{"emulator":{"name":"functions"},"function":{"name":"us-central1-api"},"extension":{},"message":"Finished \"us-central1-api\" in 778.412103ms"}}
[debug] [2023-10-20T14:22:14.708Z] [worker-us-central1-api-4631825e-5d87-4199-b8ad-618f6710e0f5]: IDLE {"metadata":{"emulator":{"name":"functions"},"function":{"name":"us-central1-api"},"extension":{},"message":"[worker-us-central1-api-4631825e-5d87-4199-b8ad-618f6710e0f5]: IDLE"}}
[debug] [2023-10-20T14:22:14.709Z] Finishing up request with event=finish {"metadata":{"emulator":{"name":"functions"},"function":{"name":"us-central1-api"},"extension":{},"message":"Finishing up request with event=finish"}}
[debug] [2023-10-20T14:22:14.710Z] Finishing up request with event=close {"metadata":{"emulator":{"name":"functions"},"function":{"name":"us-central1-api"},"extension":{},"message":"Finishing up request with event=close"}}
[debug] [2023-10-20T14:22:14.710Z] [work-queue] {"queuedWork":[],"queueLength":0,"runningWork":[],"workRunningCount":0}
